/u/s/i/sinclair/courses/cs552/spring2019/handouts/testprograms/public/rand_simple/t_1_add.asm SUCCESS CPI:2.6 CYCLES:82 ICOUNT:32 IHITRATE: 0 DHITRATE: 0
/u/s/i/sinclair/courses/cs552/spring2019/handouts/testprograms/public/rand_simple/t_1_addi.asm SUCCESS CPI:2.5 CYCLES:81 ICOUNT:32 IHITRATE: 0 DHITRATE: 0
/u/s/i/sinclair/courses/cs552/spring2019/handouts/testprograms/public/rand_simple/t_1_andn.asm SUCCESS CPI:3.0 CYCLES:95 ICOUNT:32 IHITRATE: 0 DHITRATE: 0
/u/s/i/sinclair/courses/cs552/spring2019/handouts/testprograms/public/rand_simple/t_1_andni.asm SUCCESS CPI:2.5 CYCLES:81 ICOUNT:32 IHITRATE: 0 DHITRATE: 0
/u/s/i/sinclair/courses/cs552/spring2019/handouts/testprograms/public/rand_simple/t_1_beqz.asm SUCCESS CPI:23.5 CYCLES:447 ICOUNT:19 IHITRATE: 0 DHITRATE: 0
/u/s/i/sinclair/courses/cs552/spring2019/handouts/testprograms/public/rand_simple/t_1_bgez.asm SUCCESS CPI:20.0 CYCLES:381 ICOUNT:19 IHITRATE: 0 DHITRATE: 0
/u/s/i/sinclair/courses/cs552/spring2019/handouts/testprograms/public/rand_simple/t_1_bltz.asm SUCCESS CPI:22.4 CYCLES:426 ICOUNT:19 IHITRATE: 0 DHITRATE: 0
/u/s/i/sinclair/courses/cs552/spring2019/handouts/testprograms/public/rand_simple/t_1_bnez.asm SUCCESS CPI:23.1 CYCLES:439 ICOUNT:19 IHITRATE: 0 DHITRATE: 0
/u/s/i/sinclair/courses/cs552/spring2019/handouts/testprograms/public/rand_simple/t_1_btr.asm SUCCESS CPI:2.8 CYCLES:89 ICOUNT:32 IHITRATE: 0 DHITRATE: 0
/u/s/i/sinclair/courses/cs552/spring2019/handouts/testprograms/public/rand_simple/t_1_j.asm SUCCESS CPI:246.5 CYCLES:249 ICOUNT:1 IHITRATE: 0 DHITRATE: 0
/u/s/i/sinclair/courses/cs552/spring2019/handouts/testprograms/public/rand_simple/t_1_jal.asm FAILED
/u/s/i/sinclair/courses/cs552/spring2019/handouts/testprograms/public/rand_simple/t_1_jalr.asm FAILED
/u/s/i/sinclair/courses/cs552/spring2019/handouts/testprograms/public/rand_simple/t_1_jr.asm FAILED
/u/s/i/sinclair/courses/cs552/spring2019/handouts/testprograms/public/rand_simple/t_1_lbi.asm SUCCESS CPI:2.3 CYCLES:75 ICOUNT:32 IHITRATE: 0 DHITRATE: 0
/u/s/i/sinclair/courses/cs552/spring2019/handouts/testprograms/public/rand_simple/t_1_ld.asm FAILED
/u/s/i/sinclair/courses/cs552/spring2019/handouts/testprograms/public/rand_simple/t_1_rol.asm SUCCESS CPI:2.7 CYCLES:88 ICOUNT:32 IHITRATE: 0 DHITRATE: 0
/u/s/i/sinclair/courses/cs552/spring2019/handouts/testprograms/public/rand_simple/t_1_roli.asm SUCCESS CPI:2.8 CYCLES:90 ICOUNT:32 IHITRATE: 0 DHITRATE: 0
/u/s/i/sinclair/courses/cs552/spring2019/handouts/testprograms/public/rand_simple/t_1_ror.asm SUCCESS CPI:2.6 CYCLES:82 ICOUNT:32 IHITRATE: 0 DHITRATE: 0
/u/s/i/sinclair/courses/cs552/spring2019/handouts/testprograms/public/rand_simple/t_1_rori.asm SUCCESS CPI:2.7 CYCLES:86 ICOUNT:32 IHITRATE: 0 DHITRATE: 0
/u/s/i/sinclair/courses/cs552/spring2019/handouts/testprograms/public/rand_simple/t_1_sco.asm SUCCESS CPI:2.5 CYCLES:80 ICOUNT:32 IHITRATE: 0 DHITRATE: 0
/u/s/i/sinclair/courses/cs552/spring2019/handouts/testprograms/public/rand_simple/t_1_seq.asm SUCCESS CPI:2.2 CYCLES:71 ICOUNT:32 IHITRATE: 0 DHITRATE: 0
/u/s/i/sinclair/courses/cs552/spring2019/handouts/testprograms/public/rand_simple/t_1_slbi.asm SUCCESS CPI:2.3 CYCLES:75 ICOUNT:32 IHITRATE: 0 DHITRATE: 0
/u/s/i/sinclair/courses/cs552/spring2019/handouts/testprograms/public/rand_simple/t_1_sle.asm SUCCESS CPI:2.4 CYCLES:76 ICOUNT:32 IHITRATE: 0 DHITRATE: 0
/u/s/i/sinclair/courses/cs552/spring2019/handouts/testprograms/public/rand_simple/t_1_sll.asm SUCCESS CPI:2.5 CYCLES:81 ICOUNT:32 IHITRATE: 0 DHITRATE: 0
/u/s/i/sinclair/courses/cs552/spring2019/handouts/testprograms/public/rand_simple/t_1_slli.asm SUCCESS CPI:2.5 CYCLES:81 ICOUNT:32 IHITRATE: 0 DHITRATE: 0
/u/s/i/sinclair/courses/cs552/spring2019/handouts/testprograms/public/rand_simple/t_1_slt.asm SUCCESS CPI:2.9 CYCLES:92 ICOUNT:32 IHITRATE: 0 DHITRATE: 0
/u/s/i/sinclair/courses/cs552/spring2019/handouts/testprograms/public/rand_simple/t_1_srl.asm SUCCESS CPI:2.6 CYCLES:83 ICOUNT:32 IHITRATE: 0 DHITRATE: 0
/u/s/i/sinclair/courses/cs552/spring2019/handouts/testprograms/public/rand_simple/t_1_srli.asm SUCCESS CPI:2.2 CYCLES:70 ICOUNT:32 IHITRATE: 0 DHITRATE: 0
/u/s/i/sinclair/courses/cs552/spring2019/handouts/testprograms/public/rand_simple/t_1_st.asm FAILED
/u/s/i/sinclair/courses/cs552/spring2019/handouts/testprograms/public/rand_simple/t_1_stu.asm FAILED
/u/s/i/sinclair/courses/cs552/spring2019/handouts/testprograms/public/rand_simple/t_1_sub.asm SUCCESS CPI:2.4 CYCLES:76 ICOUNT:32 IHITRATE: 0 DHITRATE: 0
/u/s/i/sinclair/courses/cs552/spring2019/handouts/testprograms/public/rand_simple/t_1_subi.asm SUCCESS CPI:2.8 CYCLES:91 ICOUNT:32 IHITRATE: 0 DHITRATE: 0
/u/s/i/sinclair/courses/cs552/spring2019/handouts/testprograms/public/rand_simple/t_1_xor.asm SUCCESS CPI:2.4 CYCLES:78 ICOUNT:32 IHITRATE: 0 DHITRATE: 0
/u/s/i/sinclair/courses/cs552/spring2019/handouts/testprograms/public/rand_simple/t_1_xori.asm SUCCESS CPI:2.7 CYCLES:85 ICOUNT:32 IHITRATE: 0 DHITRATE: 0
/u/s/i/sinclair/courses/cs552/spring2019/handouts/testprograms/public/rand_simple/t_2_add.asm SUCCESS CPI:2.4 CYCLES:77 ICOUNT:32 IHITRATE: 0 DHITRATE: 0
/u/s/i/sinclair/courses/cs552/spring2019/handouts/testprograms/public/rand_simple/t_2_addi.asm SUCCESS CPI:2.6 CYCLES:82 ICOUNT:32 IHITRATE: 0 DHITRATE: 0
/u/s/i/sinclair/courses/cs552/spring2019/handouts/testprograms/public/rand_simple/t_2_andn.asm SUCCESS CPI:2.6 CYCLES:82 ICOUNT:32 IHITRATE: 0 DHITRATE: 0
/u/s/i/sinclair/courses/cs552/spring2019/handouts/testprograms/public/rand_simple/t_2_andni.asm SUCCESS CPI:2.5 CYCLES:80 ICOUNT:32 IHITRATE: 0 DHITRATE: 0
/u/s/i/sinclair/courses/cs552/spring2019/handouts/testprograms/public/rand_simple/t_2_beqz.asm SUCCESS CPI:22.3 CYCLES:424 ICOUNT:19 IHITRATE: 0 DHITRATE: 0
/u/s/i/sinclair/courses/cs552/spring2019/handouts/testprograms/public/rand_simple/t_2_bgez.asm SUCCESS CPI:22.6 CYCLES:430 ICOUNT:19 IHITRATE: 0 DHITRATE: 0
/u/s/i/sinclair/courses/cs552/spring2019/handouts/testprograms/public/rand_simple/t_2_bltz.asm SUCCESS CPI:24.0 CYCLES:456 ICOUNT:19 IHITRATE: 0 DHITRATE: 0
/u/s/i/sinclair/courses/cs552/spring2019/handouts/testprograms/public/rand_simple/t_2_bnez.asm SUCCESS CPI:25.1 CYCLES:478 ICOUNT:19 IHITRATE: 0 DHITRATE: 0
/u/s/i/sinclair/courses/cs552/spring2019/handouts/testprograms/public/rand_simple/t_2_btr.asm SUCCESS CPI:2.7 CYCLES:86 ICOUNT:32 IHITRATE: 0 DHITRATE: 0
/u/s/i/sinclair/courses/cs552/spring2019/handouts/testprograms/public/rand_simple/t_2_j.asm SUCCESS CPI:229.7 CYCLES:232 ICOUNT:1 IHITRATE: 0 DHITRATE: 0
/u/s/i/sinclair/courses/cs552/spring2019/handouts/testprograms/public/rand_simple/t_2_jal.asm FAILED
/u/s/i/sinclair/courses/cs552/spring2019/handouts/testprograms/public/rand_simple/t_2_jalr.asm FAILED
/u/s/i/sinclair/courses/cs552/spring2019/handouts/testprograms/public/rand_simple/t_2_jr.asm FAILED
/u/s/i/sinclair/courses/cs552/spring2019/handouts/testprograms/public/rand_simple/t_2_lbi.asm SUCCESS CPI:2.4 CYCLES:78 ICOUNT:32 IHITRATE: 0 DHITRATE: 0
/u/s/i/sinclair/courses/cs552/spring2019/handouts/testprograms/public/rand_simple/t_2_ld.asm FAILED
/u/s/i/sinclair/courses/cs552/spring2019/handouts/testprograms/public/rand_simple/t_2_rol.asm SUCCESS CPI:2.3 CYCLES:73 ICOUNT:32 IHITRATE: 0 DHITRATE: 0
/u/s/i/sinclair/courses/cs552/spring2019/handouts/testprograms/public/rand_simple/t_2_roli.asm SUCCESS CPI:2.4 CYCLES:78 ICOUNT:32 IHITRATE: 0 DHITRATE: 0
/u/s/i/sinclair/courses/cs552/spring2019/handouts/testprograms/public/rand_simple/t_2_ror.asm SUCCESS CPI:2.5 CYCLES:79 ICOUNT:32 IHITRATE: 0 DHITRATE: 0
/u/s/i/sinclair/courses/cs552/spring2019/handouts/testprograms/public/rand_simple/t_2_rori.asm SUCCESS CPI:2.5 CYCLES:80 ICOUNT:32 IHITRATE: 0 DHITRATE: 0
/u/s/i/sinclair/courses/cs552/spring2019/handouts/testprograms/public/rand_simple/t_2_sco.asm SUCCESS CPI:2.5 CYCLES:79 ICOUNT:32 IHITRATE: 0 DHITRATE: 0
/u/s/i/sinclair/courses/cs552/spring2019/handouts/testprograms/public/rand_simple/t_2_seq.asm SUCCESS CPI:2.6 CYCLES:82 ICOUNT:32 IHITRATE: 0 DHITRATE: 0
/u/s/i/sinclair/courses/cs552/spring2019/handouts/testprograms/public/rand_simple/t_2_slbi.asm SUCCESS CPI:2.8 CYCLES:89 ICOUNT:32 IHITRATE: 0 DHITRATE: 0
/u/s/i/sinclair/courses/cs552/spring2019/handouts/testprograms/public/rand_simple/t_2_sle.asm SUCCESS CPI:2.6 CYCLES:82 ICOUNT:32 IHITRATE: 0 DHITRATE: 0
/u/s/i/sinclair/courses/cs552/spring2019/handouts/testprograms/public/rand_simple/t_2_sll.asm SUCCESS CPI:2.5 CYCLES:79 ICOUNT:32 IHITRATE: 0 DHITRATE: 0
/u/s/i/sinclair/courses/cs552/spring2019/handouts/testprograms/public/rand_simple/t_2_slli.asm SUCCESS CPI:2.4 CYCLES:76 ICOUNT:32 IHITRATE: 0 DHITRATE: 0
/u/s/i/sinclair/courses/cs552/spring2019/handouts/testprograms/public/rand_simple/t_2_slt.asm SUCCESS CPI:2.5 CYCLES:79 ICOUNT:32 IHITRATE: 0 DHITRATE: 0
/u/s/i/sinclair/courses/cs552/spring2019/handouts/testprograms/public/rand_simple/t_2_srl.asm SUCCESS CPI:2.6 CYCLES:82 ICOUNT:32 IHITRATE: 0 DHITRATE: 0
/u/s/i/sinclair/courses/cs552/spring2019/handouts/testprograms/public/rand_simple/t_2_srli.asm SUCCESS CPI:2.7 CYCLES:87 ICOUNT:32 IHITRATE: 0 DHITRATE: 0
/u/s/i/sinclair/courses/cs552/spring2019/handouts/testprograms/public/rand_simple/t_2_st.asm FAILED
