/u/s/i/sinclair/courses/cs552/spring2019/handouts/testprograms/public/inst_tests/add_0.asm SUCCESS CPI:3.6 CYCLES:29 ICOUNT:8 IHITRATE: 0 DHITRATE: 0
/u/s/i/sinclair/courses/cs552/spring2019/handouts/testprograms/public/inst_tests/add_1.asm SUCCESS CPI:4.3 CYCLES:13 ICOUNT:3 IHITRATE: 0 DHITRATE: 0
/u/s/i/sinclair/courses/cs552/spring2019/handouts/testprograms/public/inst_tests/add_2.asm SUCCESS CPI:4.3 CYCLES:13 ICOUNT:3 IHITRATE: 0 DHITRATE: 0
/u/s/i/sinclair/courses/cs552/spring2019/handouts/testprograms/public/inst_tests/addi_0.asm SUCCESS CPI:6.0 CYCLES:12 ICOUNT:2 IHITRATE: 0 DHITRATE: 0
/u/s/i/sinclair/courses/cs552/spring2019/handouts/testprograms/public/inst_tests/addi_1.asm SUCCESS CPI:6.0 CYCLES:12 ICOUNT:2 IHITRATE: 0 DHITRATE: 0
/u/s/i/sinclair/courses/cs552/spring2019/handouts/testprograms/public/inst_tests/addi_2.asm SUCCESS CPI:6.0 CYCLES:12 ICOUNT:2 IHITRATE: 0 DHITRATE: 0
/u/s/i/sinclair/courses/cs552/spring2019/handouts/testprograms/public/inst_tests/addi_3.asm SUCCESS CPI:5.3 CYCLES:16 ICOUNT:3 IHITRATE: 0 DHITRATE: 0
/u/s/i/sinclair/courses/cs552/spring2019/handouts/testprograms/public/inst_tests/andn_0.asm SUCCESS CPI:4.2 CYCLES:21 ICOUNT:5 IHITRATE: 0 DHITRATE: 0
/u/s/i/sinclair/courses/cs552/spring2019/handouts/testprograms/public/inst_tests/andn_1.asm SUCCESS CPI:4.2 CYCLES:21 ICOUNT:5 IHITRATE: 0 DHITRATE: 0
/u/s/i/sinclair/courses/cs552/spring2019/handouts/testprograms/public/inst_tests/andn_2.asm SUCCESS CPI:6.0 CYCLES:12 ICOUNT:2 IHITRATE: 0 DHITRATE: 0
/u/s/i/sinclair/courses/cs552/spring2019/handouts/testprograms/public/inst_tests/andni_0.asm SUCCESS CPI:6.0 CYCLES:12 ICOUNT:2 IHITRATE: 0 DHITRATE: 0
/u/s/i/sinclair/courses/cs552/spring2019/handouts/testprograms/public/inst_tests/andni_1.asm SUCCESS CPI:6.0 CYCLES:12 ICOUNT:2 IHITRATE: 0 DHITRATE: 0
/u/s/i/sinclair/courses/cs552/spring2019/handouts/testprograms/public/inst_tests/andni_2.asm SUCCESS CPI:6.0 CYCLES:12 ICOUNT:2 IHITRATE: 0 DHITRATE: 0
/u/s/i/sinclair/courses/cs552/spring2019/handouts/testprograms/public/inst_tests/andni_3.asm SUCCESS CPI:6.0 CYCLES:12 ICOUNT:2 IHITRATE: 0 DHITRATE: 0
/u/s/i/sinclair/courses/cs552/spring2019/handouts/testprograms/public/inst_tests/andni_4.asm SUCCESS CPI:6.0 CYCLES:12 ICOUNT:2 IHITRATE: 0 DHITRATE: 0
/u/s/i/sinclair/courses/cs552/spring2019/handouts/testprograms/public/inst_tests/beqz_0.asm FAILED
/u/s/i/sinclair/courses/cs552/spring2019/handouts/testprograms/public/inst_tests/bltz_0.asm FAILED
/u/s/i/sinclair/courses/cs552/spring2019/handouts/testprograms/public/inst_tests/bltz_1.asm SUCCESS CPI:6.3 CYCLES:19 ICOUNT:3 IHITRATE: 0 DHITRATE: 0
/u/s/i/sinclair/courses/cs552/spring2019/handouts/testprograms/public/inst_tests/bltz_2.asm SUCCESS CPI:5.0 CYCLES:15 ICOUNT:3 IHITRATE: 0 DHITRATE: 0
/u/s/i/sinclair/courses/cs552/spring2019/handouts/testprograms/public/inst_tests/bltz_3.asm SUCCESS CPI:7.5 CYCLES:15 ICOUNT:2 IHITRATE: 0 DHITRATE: 0
/u/s/i/sinclair/courses/cs552/spring2019/handouts/testprograms/public/inst_tests/bnez_0.asm SUCCESS CPI:7.0 CYCLES:14 ICOUNT:2 IHITRATE: 0 DHITRATE: 0
/u/s/i/sinclair/courses/cs552/spring2019/handouts/testprograms/public/inst_tests/bnez_2.asm SUCCESS CPI:7.0 CYCLES:14 ICOUNT:2 IHITRATE: 0 DHITRATE: 0
/u/s/i/sinclair/courses/cs552/spring2019/handouts/testprograms/public/inst_tests/bnez_3.asm SUCCESS CPI:7.0 CYCLES:14 ICOUNT:2 IHITRATE: 0 DHITRATE: 0
/u/s/i/sinclair/courses/cs552/spring2019/handouts/testprograms/public/inst_tests/bnez_4.asm SUCCESS CPI:7.0 CYCLES:14 ICOUNT:2 IHITRATE: 0 DHITRATE: 0
/u/s/i/sinclair/courses/cs552/spring2019/handouts/testprograms/public/inst_tests/bnez_5.asm RELAX-PASS
/u/s/i/sinclair/courses/cs552/spring2019/handouts/testprograms/public/inst_tests/bnez_6.asm FAILED
/u/s/i/sinclair/courses/cs552/spring2019/handouts/testprograms/public/inst_tests/btr_0.asm FAILED
/u/s/i/sinclair/courses/cs552/spring2019/handouts/testprograms/public/inst_tests/btr_1.asm FAILED
/u/s/i/sinclair/courses/cs552/spring2019/handouts/testprograms/public/inst_tests/btr_2.asm FAILED
/u/s/i/sinclair/courses/cs552/spring2019/handouts/testprograms/public/inst_tests/btr_3.asm FAILED
/u/s/i/sinclair/courses/cs552/spring2019/handouts/testprograms/public/inst_tests/btr_4.asm FAILED
/u/s/i/sinclair/courses/cs552/spring2019/handouts/testprograms/public/inst_tests/btr_5.asm FAILED
/u/s/i/sinclair/courses/cs552/spring2019/handouts/testprograms/public/inst_tests/btr_6.asm FAILED
