/u/s/i/sinclair/courses/cs552/spring2019/handouts/testprograms/public/rand_final/ldld_rand_large.asm SUCCESS CPI:2.7 CYCLES:2762 ICOUNT:1035 IHITRATE: 99.8 DHITRATE: 96.8
/u/s/i/sinclair/courses/cs552/spring2019/handouts/testprograms/public/rand_final/ldld_rand_small.asm SUCCESS CPI:2.7 CYCLES:2762 ICOUNT:1035 IHITRATE: 99.8 DHITRATE: 96.8
/u/s/i/sinclair/courses/cs552/spring2019/handouts/testprograms/public/rand_final/ldst_rand_large.asm SUCCESS CPI:15.3 CYCLES:46 ICOUNT:3 IHITRATE: 81.2 DHITRATE: 0.0
/u/s/i/sinclair/courses/cs552/spring2019/handouts/testprograms/public/rand_final/ldst_rand_small.asm SUCCESS CPI:15.3 CYCLES:46 ICOUNT:3 IHITRATE: 81.2 DHITRATE: 0.0
/u/s/i/sinclair/courses/cs552/spring2019/handouts/testprograms/public/rand_final/t_100_all.asm SUCCESS CPI:5.4 CYCLES:1704 ICOUNT:314 IHITRATE: 71.2 DHITRATE: 70.4
/u/s/i/sinclair/courses/cs552/spring2019/handouts/testprograms/public/rand_final/t_100_ctrl.asm SUCCESS CPI:5.5 CYCLES:2406 ICOUNT:436 IHITRATE: 70.8 DHITRATE: 71.8
/u/s/i/sinclair/courses/cs552/spring2019/handouts/testprograms/public/rand_final/t_100_icache.asm SUCCESS CPI:40.6 CYCLES:488 ICOUNT:12 IHITRATE: 59.6 DHITRATE: 0
/u/s/i/sinclair/courses/cs552/spring2019/handouts/testprograms/public/rand_final/t_100_idcache.asm SUCCESS CPI:10.2 CYCLES:797 ICOUNT:78 IHITRATE: 71.1 DHITRATE: 34.8
/u/s/i/sinclair/courses/cs552/spring2019/handouts/testprograms/public/rand_final/t_100_mem.asm SUCCESS CPI:4.9 CYCLES:3282 ICOUNT:668 IHITRATE: 79.1 DHITRATE: 90.2
/u/s/i/sinclair/courses/cs552/spring2019/handouts/testprograms/public/rand_final/t_101_all.asm SUCCESS CPI:5.2 CYCLES:2175 ICOUNT:422 IHITRATE: 72.2 DHITRATE: 66.7
/u/s/i/sinclair/courses/cs552/spring2019/handouts/testprograms/public/rand_final/t_101_ctrl.asm SUCCESS CPI:4.9 CYCLES:2503 ICOUNT:515 IHITRATE: 72.7 DHITRATE: 70.2
/u/s/i/sinclair/courses/cs552/spring2019/handouts/testprograms/public/rand_final/t_101_icache.asm SUCCESS CPI:8.4 CYCLES:497 ICOUNT:59 IHITRATE: 68.3 DHITRATE: 0
/u/s/i/sinclair/courses/cs552/spring2019/handouts/testprograms/public/rand_final/t_101_idcache.asm SUCCESS CPI:10.8 CYCLES:779 ICOUNT:72 IHITRATE: 74.3 DHITRATE: 35.0
/u/s/i/sinclair/courses/cs552/spring2019/handouts/testprograms/public/rand_final/t_101_mem.asm SUCCESS CPI:4.9 CYCLES:3273 ICOUNT:670 IHITRATE: 79.0 DHITRATE: 90.6
/u/s/i/sinclair/courses/cs552/spring2019/handouts/testprograms/public/rand_final/t_102_all.asm SUCCESS CPI:5.2 CYCLES:1827 ICOUNT:349 IHITRATE: 71.6 DHITRATE: 54.8
/u/s/i/sinclair/courses/cs552/spring2019/handouts/testprograms/public/rand_final/t_102_ctrl.asm SUCCESS CPI:5.5 CYCLES:2372 ICOUNT:434 IHITRATE: 70.3 DHITRATE: 61.8
/u/s/i/sinclair/courses/cs552/spring2019/handouts/testprograms/public/rand_final/t_102_icache.asm SUCCESS CPI:58.4 CYCLES:701 ICOUNT:12 IHITRATE: 60.2 DHITRATE: 0
/u/s/i/sinclair/courses/cs552/spring2019/handouts/testprograms/public/rand_final/t_102_idcache.asm SUCCESS CPI:12.1 CYCLES:752 ICOUNT:62 IHITRATE: 67.9 DHITRATE: 35.3
/u/s/i/sinclair/courses/cs552/spring2019/handouts/testprograms/public/rand_final/t_102_mem.asm SUCCESS CPI:4.7 CYCLES:3183 ICOUNT:677 IHITRATE: 78.3 DHITRATE: 93.4
/u/s/i/sinclair/courses/cs552/spring2019/handouts/testprograms/public/rand_final/t_103_all.asm SUCCESS CPI:4.8 CYCLES:2072 ICOUNT:434 IHITRATE: 72.3 DHITRATE: 57.7
/u/s/i/sinclair/courses/cs552/spring2019/handouts/testprograms/public/rand_final/t_103_ctrl.asm SUCCESS CPI:4.8 CYCLES:2584 ICOUNT:534 IHITRATE: 72.3 DHITRATE: 68.9
/u/s/i/sinclair/courses/cs552/spring2019/handouts/testprograms/public/rand_final/t_103_icache.asm SUCCESS CPI:45.5 CYCLES:592 ICOUNT:13 IHITRATE: 56.2 DHITRATE: 0
/u/s/i/sinclair/courses/cs552/spring2019/handouts/testprograms/public/rand_final/t_103_idcache.asm SUCCESS CPI:6.4 CYCLES:894 ICOUNT:139 IHITRATE: 71.6 DHITRATE: 35.7
/u/s/i/sinclair/courses/cs552/spring2019/handouts/testprograms/public/rand_final/t_103_mem.asm SUCCESS CPI:4.8 CYCLES:3191 ICOUNT:665 IHITRATE: 77.5 DHITRATE: 94.1
/u/s/i/sinclair/courses/cs552/spring2019/handouts/testprograms/public/rand_final/t_104_all.asm SUCCESS CPI:4.8 CYCLES:2115 ICOUNT:440 IHITRATE: 72.1 DHITRATE: 63.0
/u/s/i/sinclair/courses/cs552/spring2019/handouts/testprograms/public/rand_final/t_104_ctrl.asm SUCCESS CPI:4.8 CYCLES:2544 ICOUNT:527 IHITRATE: 72.9 DHITRATE: 64.6
/u/s/i/sinclair/courses/cs552/spring2019/handouts/testprograms/public/rand_final/t_104_icache.asm SUCCESS CPI:10.5 CYCLES:506 ICOUNT:48 IHITRATE: 65.2 DHITRATE: 0
/u/s/i/sinclair/courses/cs552/spring2019/handouts/testprograms/public/rand_final/t_104_idcache.asm SUCCESS CPI:9.0 CYCLES:739 ICOUNT:82 IHITRATE: 67.8 DHITRATE: 20.0
/u/s/i/sinclair/courses/cs552/spring2019/handouts/testprograms/public/rand_final/t_104_mem.asm SUCCESS CPI:4.7 CYCLES:3150 ICOUNT:665 IHITRATE: 77.1 DHITRATE: 95.7
/u/s/i/sinclair/courses/cs552/spring2019/handouts/testprograms/public/rand_final/t_105_all.asm SUCCESS CPI:5.0 CYCLES:2169 ICOUNT:438 IHITRATE: 71.4 DHITRATE: 60.7
/u/s/i/sinclair/courses/cs552/spring2019/handouts/testprograms/public/rand_final/t_105_ctrl.asm SUCCESS CPI:4.9 CYCLES:2454 ICOUNT:500 IHITRATE: 71.8 DHITRATE: 65.9
/u/s/i/sinclair/courses/cs552/spring2019/handouts/testprograms/public/rand_final/t_105_icache.asm SUCCESS CPI:14.8 CYCLES:608 ICOUNT:41 IHITRATE: 58.0 DHITRATE: 0
/u/s/i/sinclair/courses/cs552/spring2019/handouts/testprograms/public/rand_final/t_105_idcache.asm SUCCESS CPI:10.9 CYCLES:849 ICOUNT:78 IHITRATE: 67.7 DHITRATE: 8.3
/u/s/i/sinclair/courses/cs552/spring2019/handouts/testprograms/public/rand_final/t_105_mem.asm SUCCESS CPI:4.7 CYCLES:3144 ICOUNT:667 IHITRATE: 77.3 DHITRATE: 94.1
/u/s/i/sinclair/courses/cs552/spring2019/handouts/testprograms/public/rand_final/t_106_all.asm SUCCESS CPI:5.1 CYCLES:2275 ICOUNT:444 IHITRATE: 71.6 DHITRATE: 65.9
/u/s/i/sinclair/courses/cs552/spring2019/handouts/testprograms/public/rand_final/t_106_ctrl.asm SUCCESS CPI:5.2 CYCLES:2583 ICOUNT:492 IHITRATE: 71.8 DHITRATE: 68.2
/u/s/i/sinclair/courses/cs552/spring2019/handouts/testprograms/public/rand_final/t_106_icache.asm SUCCESS CPI:46.8 CYCLES:562 ICOUNT:12 IHITRATE: 59.5 DHITRATE: 0
/u/s/i/sinclair/courses/cs552/spring2019/handouts/testprograms/public/rand_final/t_106_idcache.asm SUCCESS CPI:7.5 CYCLES:921 ICOUNT:123 IHITRATE: 69.7 DHITRATE: 28.6
/u/s/i/sinclair/courses/cs552/spring2019/handouts/testprograms/public/rand_final/t_106_mem.asm SUCCESS CPI:4.8 CYCLES:3214 ICOUNT:669 IHITRATE: 77.9 DHITRATE: 93.2
/u/s/i/sinclair/courses/cs552/spring2019/handouts/testprograms/public/rand_final/t_107_all.asm SUCCESS CPI:5.0 CYCLES:2037 ICOUNT:410 IHITRATE: 71.2 DHITRATE: 65.6
/u/s/i/sinclair/courses/cs552/spring2019/handouts/testprograms/public/rand_final/t_107_ctrl.asm SUCCESS CPI:4.8 CYCLES:2569 ICOUNT:537 IHITRATE: 72.6 DHITRATE: 78.4
/u/s/i/sinclair/courses/cs552/spring2019/handouts/testprograms/public/rand_final/t_107_icache.asm SUCCESS CPI:15.6 CYCLES:592 ICOUNT:38 IHITRATE: 62.3 DHITRATE: 0
/u/s/i/sinclair/courses/cs552/spring2019/handouts/testprograms/public/rand_final/t_107_idcache.asm SUCCESS CPI:7.8 CYCLES:698 ICOUNT:89 IHITRATE: 68.4 DHITRATE: 20.0
/u/s/i/sinclair/courses/cs552/spring2019/handouts/testprograms/public/rand_final/t_107_mem.asm SUCCESS CPI:4.8 CYCLES:3149 ICOUNT:659 IHITRATE: 77.4 DHITRATE: 93.7
/u/s/i/sinclair/courses/cs552/spring2019/handouts/testprograms/public/rand_final/t_108_all.asm SUCCESS CPI:4.5 CYCLES:2012 ICOUNT:444 IHITRATE: 72.7 DHITRATE: 64.9
/u/s/i/sinclair/courses/cs552/spring2019/handouts/testprograms/public/rand_final/t_108_ctrl.asm SUCCESS CPI:5.0 CYCLES:2474 ICOUNT:495 IHITRATE: 70.3 DHITRATE: 69.8
/u/s/i/sinclair/courses/cs552/spring2019/handouts/testprograms/public/rand_final/t_108_icache.asm SUCCESS CPI:10.3 CYCLES:444 ICOUNT:43 IHITRATE: 66.1 DHITRATE: 0
/u/s/i/sinclair/courses/cs552/spring2019/handouts/testprograms/public/rand_final/t_108_idcache.asm SUCCESS CPI:11.2 CYCLES:547 ICOUNT:49 IHITRATE: 67.1 DHITRATE: 11.1
/u/s/i/sinclair/courses/cs552/spring2019/handouts/testprograms/public/rand_final/t_108_mem.asm SUCCESS CPI:4.9 CYCLES:3304 ICOUNT:675 IHITRATE: 79.5 DHITRATE: 89.0
/u/s/i/sinclair/courses/cs552/spring2019/handouts/testprograms/public/rand_final/t_109_all.asm SUCCESS CPI:5.2 CYCLES:1662 ICOUNT:318 IHITRATE: 71.4 DHITRATE: 83.3
/u/s/i/sinclair/courses/cs552/spring2019/handouts/testprograms/public/rand_final/t_109_ctrl.asm SUCCESS CPI:5.0 CYCLES:2622 ICOUNT:527 IHITRATE: 70.8 DHITRATE: 85.4
/u/s/i/sinclair/courses/cs552/spring2019/handouts/testprograms/public/rand_final/t_109_icache.asm SUCCESS CPI:8.9 CYCLES:782 ICOUNT:88 IHITRATE: 65.9 DHITRATE: 0
/u/s/i/sinclair/courses/cs552/spring2019/handouts/testprograms/public/rand_final/t_109_idcache.asm SUCCESS CPI:9.9 CYCLES:937 ICOUNT:95 IHITRATE: 71.4 DHITRATE: 13.0
/u/s/i/sinclair/courses/cs552/spring2019/handouts/testprograms/public/rand_final/t_109_mem.asm SUCCESS CPI:4.9 CYCLES:3204 ICOUNT:659 IHITRATE: 77.7 DHITRATE: 93.5
/u/s/i/sinclair/courses/cs552/spring2019/handouts/testprograms/public/rand_final/t_10_mem.asm SUCCESS CPI:4.7 CYCLES:3117 ICOUNT:664 IHITRATE: 77.7 DHITRATE: 93.7
/u/s/i/sinclair/courses/cs552/spring2019/handouts/testprograms/public/rand_final/t_110_all.asm SUCCESS CPI:4.8 CYCLES:2084 ICOUNT:434 IHITRATE: 71.3 DHITRATE: 84.6
/u/s/i/sinclair/courses/cs552/spring2019/handouts/testprograms/public/rand_final/t_110_ctrl.asm SUCCESS CPI:5.3 CYCLES:2424 ICOUNT:458 IHITRATE: 71.5 DHITRATE: 68.9
/u/s/i/sinclair/courses/cs552/spring2019/handouts/testprograms/public/rand_final/t_110_icache.asm SUCCESS CPI:9.1 CYCLES:629 ICOUNT:69 IHITRATE: 67.8 DHITRATE: 0
/u/s/i/sinclair/courses/cs552/spring2019/handouts/testprograms/public/rand_final/t_110_idcache.asm SUCCESS CPI:6.7 CYCLES:983 ICOUNT:147 IHITRATE: 72.5 DHITRATE: 17.6
/u/s/i/sinclair/courses/cs552/spring2019/handouts/testprograms/public/rand_final/t_110_mem.asm SUCCESS CPI:4.6 CYCLES:3115 ICOUNT:678 IHITRATE: 76.7 DHITRATE: 94.8
/u/s/i/sinclair/courses/cs552/spring2019/handouts/testprograms/public/rand_final/t_111_all.asm SUCCESS CPI:5.5 CYCLES:2061 ICOUNT:377 IHITRATE: 70.7 DHITRATE: 73.7
/u/s/i/sinclair/courses/cs552/spring2019/handouts/testprograms/public/rand_final/t_111_ctrl.asm SUCCESS CPI:4.6 CYCLES:2506 ICOUNT:542 IHITRATE: 72.4 DHITRATE: 71.4
/u/s/i/sinclair/courses/cs552/spring2019/handouts/testprograms/public/rand_final/t_111_icache.asm SUCCESS CPI:37.0 CYCLES:555 ICOUNT:15 IHITRATE: 53.4 DHITRATE: 0
/u/s/i/sinclair/courses/cs552/spring2019/handouts/testprograms/public/rand_final/t_111_idcache.asm SUCCESS CPI:8.0 CYCLES:771 ICOUNT:96 IHITRATE: 70.7 DHITRATE: 13.3
/u/s/i/sinclair/courses/cs552/spring2019/handouts/testprograms/public/rand_final/t_111_mem.asm SUCCESS CPI:4.7 CYCLES:3225 ICOUNT:680 IHITRATE: 78.4 DHITRATE: 91.9
/u/s/i/sinclair/courses/cs552/spring2019/handouts/testprograms/public/rand_final/t_112_all.asm SUCCESS CPI:5.4 CYCLES:1899 ICOUNT:354 IHITRATE: 71.2 DHITRATE: 62.1
/u/s/i/sinclair/courses/cs552/spring2019/handouts/testprograms/public/rand_final/t_112_ctrl.asm SUCCESS CPI:4.9 CYCLES:2568 ICOUNT:523 IHITRATE: 73.3 DHITRATE: 58.5
/u/s/i/sinclair/courses/cs552/spring2019/handouts/testprograms/public/rand_final/t_112_icache.asm SUCCESS CPI:7.6 CYCLES:459 ICOUNT:60 IHITRATE: 67.2 DHITRATE: 0
/u/s/i/sinclair/courses/cs552/spring2019/handouts/testprograms/public/rand_final/t_112_idcache.asm SUCCESS CPI:10.6 CYCLES:718 ICOUNT:68 IHITRATE: 74.1 DHITRATE: 30.0
/u/s/i/sinclair/courses/cs552/spring2019/handouts/testprograms/public/rand_final/t_112_mem.asm SUCCESS CPI:4.8 CYCLES:3194 ICOUNT:668 IHITRATE: 77.5 DHITRATE: 95.5
/u/s/i/sinclair/courses/cs552/spring2019/handouts/testprograms/public/rand_final/t_113_all.asm SUCCESS CPI:5.2 CYCLES:1695 ICOUNT:325 IHITRATE: 70.7 DHITRATE: 77.1
/u/s/i/sinclair/courses/cs552/spring2019/handouts/testprograms/public/rand_final/t_113_ctrl.asm SUCCESS CPI:5.4 CYCLES:2509 ICOUNT:467 IHITRATE: 70.8 DHITRATE: 71.4
/u/s/i/sinclair/courses/cs552/spring2019/handouts/testprograms/public/rand_final/t_113_icache.asm SUCCESS CPI:14.7 CYCLES:794 ICOUNT:54 IHITRATE: 62.2 DHITRATE: 0
/u/s/i/sinclair/courses/cs552/spring2019/handouts/testprograms/public/rand_final/t_113_idcache.asm SUCCESS CPI:6.7 CYCLES:934 ICOUNT:139 IHITRATE: 68.6 DHITRATE: 26.7
/u/s/i/sinclair/courses/cs552/spring2019/handouts/testprograms/public/rand_final/t_113_mem.asm SUCCESS CPI:4.7 CYCLES:3194 ICOUNT:676 IHITRATE: 78.0 DHITRATE: 93.8
/u/s/i/sinclair/courses/cs552/spring2019/handouts/testprograms/public/rand_final/t_114_all.asm SUCCESS CPI:4.3 CYCLES:2492 ICOUNT:578 IHITRATE: 73.2 DHITRATE: 70.0
/u/s/i/sinclair/courses/cs552/spring2019/handouts/testprograms/public/rand_final/t_114_ctrl.asm SUCCESS CPI:4.5 CYCLES:2695 ICOUNT:603 IHITRATE: 72.5 DHITRATE: 84.1
/u/s/i/sinclair/courses/cs552/spring2019/handouts/testprograms/public/rand_final/t_114_icache.asm SUCCESS CPI:14.8 CYCLES:578 ICOUNT:39 IHITRATE: 68.7 DHITRATE: 0
/u/s/i/sinclair/courses/cs552/spring2019/handouts/testprograms/public/rand_final/t_114_idcache.asm SUCCESS CPI:7.4 CYCLES:781 ICOUNT:105 IHITRATE: 70.6 DHITRATE: 18.2
/u/s/i/sinclair/courses/cs552/spring2019/handouts/testprograms/public/rand_final/t_114_mem.asm SUCCESS CPI:4.6 CYCLES:3180 ICOUNT:687 IHITRATE: 77.7 DHITRATE: 92.5
/u/s/i/sinclair/courses/cs552/spring2019/handouts/testprograms/public/rand_final/t_115_all.asm SUCCESS CPI:4.9 CYCLES:2116 ICOUNT:434 IHITRATE: 72.1 DHITRATE: 75.0
/u/s/i/sinclair/courses/cs552/spring2019/handouts/testprograms/public/rand_final/t_115_ctrl.asm SUCCESS CPI:5.1 CYCLES:2468 ICOUNT:487 IHITRATE: 71.9 DHITRATE: 75.6
/u/s/i/sinclair/courses/cs552/spring2019/handouts/testprograms/public/rand_final/t_115_icache.asm SUCCESS CPI:17.4 CYCLES:521 ICOUNT:30 IHITRATE: 60.2 DHITRATE: 0
/u/s/i/sinclair/courses/cs552/spring2019/handouts/testprograms/public/rand_final/t_115_idcache.asm SUCCESS CPI:10.6 CYCLES:730 ICOUNT:69 IHITRATE: 71.4 DHITRATE: 25.0
/u/s/i/sinclair/courses/cs552/spring2019/handouts/testprograms/public/rand_final/t_115_mem.asm SUCCESS CPI:4.8 CYCLES:3124 ICOUNT:650 IHITRATE: 77.1 DHITRATE: 95.7
/u/s/i/sinclair/courses/cs552/spring2019/handouts/testprograms/public/rand_final/t_116_all.asm SUCCESS CPI:4.4 CYCLES:2453 ICOUNT:555 IHITRATE: 72.6 DHITRATE: 75.0
/u/s/i/sinclair/courses/cs552/spring2019/handouts/testprograms/public/rand_final/t_116_ctrl.asm SUCCESS CPI:4.3 CYCLES:2580 ICOUNT:596 IHITRATE: 73.7 DHITRATE: 75.8
/u/s/i/sinclair/courses/cs552/spring2019/handouts/testprograms/public/rand_final/t_116_icache.asm SUCCESS CPI:57.5 CYCLES:518 ICOUNT:9 IHITRATE: 51.0 DHITRATE: 0
/u/s/i/sinclair/courses/cs552/spring2019/handouts/testprograms/public/rand_final/t_116_idcache.asm SUCCESS CPI:7.2 CYCLES:933 ICOUNT:130 IHITRATE: 69.6 DHITRATE: 43.8
/u/s/i/sinclair/courses/cs552/spring2019/handouts/testprograms/public/rand_final/t_116_mem.asm SUCCESS CPI:4.9 CYCLES:3230 ICOUNT:660 IHITRATE: 79.4 DHITRATE: 89.2
/u/s/i/sinclair/courses/cs552/spring2019/handouts/testprograms/public/rand_final/t_117_all.asm SUCCESS CPI:4.8 CYCLES:2150 ICOUNT:445 IHITRATE: 72.1 DHITRATE: 68.1
/u/s/i/sinclair/courses/cs552/spring2019/handouts/testprograms/public/rand_final/t_117_ctrl.asm SUCCESS CPI:4.9 CYCLES:2569 ICOUNT:521 IHITRATE: 72.6 DHITRATE: 69.6
/u/s/i/sinclair/courses/cs552/spring2019/handouts/testprograms/public/rand_final/t_117_icache.asm SUCCESS CPI:21.4 CYCLES:493 ICOUNT:23 IHITRATE: 69.7 DHITRATE: 0
/u/s/i/sinclair/courses/cs552/spring2019/handouts/testprograms/public/rand_final/t_117_idcache.asm SUCCESS CPI:11.3 CYCLES:1062 ICOUNT:94 IHITRATE: 69.1 DHITRATE: 29.6
/u/s/i/sinclair/courses/cs552/spring2019/handouts/testprograms/public/rand_final/t_117_mem.asm SUCCESS CPI:4.7 CYCLES:3217 ICOUNT:678 IHITRATE: 78.0 DHITRATE: 91.2
/u/s/i/sinclair/courses/cs552/spring2019/handouts/testprograms/public/rand_final/t_118_all.asm SUCCESS CPI:4.8 CYCLES:2386 ICOUNT:496 IHITRATE: 73.6 DHITRATE: 63.8
/u/s/i/sinclair/courses/cs552/spring2019/handouts/testprograms/public/rand_final/t_118_ctrl.asm SUCCESS CPI:5.0 CYCLES:2496 ICOUNT:501 IHITRATE: 74.0 DHITRATE: 51.4
/u/s/i/sinclair/courses/cs552/spring2019/handouts/testprograms/public/rand_final/t_118_icache.asm SUCCESS CPI:29.9 CYCLES:419 ICOUNT:14 IHITRATE: 65.1 DHITRATE: 0
/u/s/i/sinclair/courses/cs552/spring2019/handouts/testprograms/public/rand_final/t_118_idcache.asm SUCCESS CPI:10.0 CYCLES:812 ICOUNT:81 IHITRATE: 67.1 DHITRATE: 20.0
/u/s/i/sinclair/courses/cs552/spring2019/handouts/testprograms/public/rand_final/t_118_mem.asm SUCCESS CPI:4.9 CYCLES:3173 ICOUNT:653 IHITRATE: 77.6 DHITRATE: 94.6
/u/s/i/sinclair/courses/cs552/spring2019/handouts/testprograms/public/rand_final/t_119_all.asm SUCCESS CPI:4.8 CYCLES:1924 ICOUNT:402 IHITRATE: 72.9 DHITRATE: 69.4
/u/s/i/sinclair/courses/cs552/spring2019/handouts/testprograms/public/rand_final/t_119_ctrl.asm SUCCESS CPI:4.7 CYCLES:2550 ICOUNT:547 IHITRATE: 72.3 DHITRATE: 71.1
/u/s/i/sinclair/courses/cs552/spring2019/handouts/testprograms/public/rand_final/t_119_icache.asm SUCCESS CPI:9.4 CYCLES:481 ICOUNT:51 IHITRATE: 60.9 DHITRATE: 0
/u/s/i/sinclair/courses/cs552/spring2019/handouts/testprograms/public/rand_final/t_119_idcache.asm SUCCESS CPI:8.5 CYCLES:668 ICOUNT:79 IHITRATE: 73.8 DHITRATE: 12.5
/u/s/i/sinclair/courses/cs552/spring2019/handouts/testprograms/public/rand_final/t_119_mem.asm SUCCESS CPI:4.8 CYCLES:3233 ICOUNT:674 IHITRATE: 78.3 DHITRATE: 90.9
/u/s/i/sinclair/courses/cs552/spring2019/handouts/testprograms/public/rand_final/t_11_mem.asm SUCCESS CPI:4.8 CYCLES:3238 ICOUNT:674 IHITRATE: 78.4 DHITRATE: 91.1
/u/s/i/sinclair/courses/cs552/spring2019/handouts/testprograms/public/rand_final/t_120_all.asm SUCCESS CPI:5.3 CYCLES:2008 ICOUNT:378 IHITRATE: 70.4 DHITRATE: 80.8
/u/s/i/sinclair/courses/cs552/spring2019/handouts/testprograms/public/rand_final/t_120_ctrl.asm SUCCESS CPI:4.8 CYCLES:2548 ICOUNT:531 IHITRATE: 70.5 DHITRATE: 71.8
/u/s/i/sinclair/courses/cs552/spring2019/handouts/testprograms/public/rand_final/t_120_icache.asm SUCCESS CPI:7.8 CYCLES:714 ICOUNT:92 IHITRATE: 67.3 DHITRATE: 0
/u/s/i/sinclair/courses/cs552/spring2019/handouts/testprograms/public/rand_final/t_120_idcache.asm SUCCESS CPI:8.4 CYCLES:922 ICOUNT:110 IHITRATE: 71.0 DHITRATE: 35.7
/u/s/i/sinclair/courses/cs552/spring2019/handouts/testprograms/public/rand_final/t_120_mem.asm SUCCESS CPI:4.8 CYCLES:3199 ICOUNT:669 IHITRATE: 77.6 DHITRATE: 93.0
/u/s/i/sinclair/courses/cs552/spring2019/handouts/testprograms/public/rand_final/t_121_all.asm SUCCESS CPI:5.5 CYCLES:1737 ICOUNT:313 IHITRATE: 70.5 DHITRATE: 65.2
/u/s/i/sinclair/courses/cs552/spring2019/handouts/testprograms/public/rand_final/t_122_all.asm SUCCESS CPI:5.0 CYCLES:1606 ICOUNT:319 IHITRATE: 72.2 DHITRATE: 69.2
/u/s/i/sinclair/courses/cs552/spring2019/handouts/testprograms/public/rand_final/t_123_all.asm SUCCESS CPI:4.8 CYCLES:2342 ICOUNT:490 IHITRATE: 72.4 DHITRATE: 60.5
/u/s/i/sinclair/courses/cs552/spring2019/handouts/testprograms/public/rand_final/t_124_all.asm SUCCESS CPI:4.6 CYCLES:1616 ICOUNT:355 IHITRATE: 73.9 DHITRATE: 61.5
/u/s/i/sinclair/courses/cs552/spring2019/handouts/testprograms/public/rand_final/t_125_all.asm SUCCESS CPI:5.2 CYCLES:2472 ICOUNT:479 IHITRATE: 73.3 DHITRATE: 51.7
/u/s/i/sinclair/courses/cs552/spring2019/handouts/testprograms/public/rand_final/t_126_all.asm SUCCESS CPI:4.5 CYCLES:2664 ICOUNT:595 IHITRATE: 73.7 DHITRATE: 51.2
/u/s/i/sinclair/courses/cs552/spring2019/handouts/testprograms/public/rand_final/t_127_all.asm SUCCESS CPI:4.7 CYCLES:2085 ICOUNT:444 IHITRATE: 72.3 DHITRATE: 72.7
/u/s/i/sinclair/courses/cs552/spring2019/handouts/testprograms/public/rand_final/t_128_all.asm SUCCESS CPI:5.3 CYCLES:2219 ICOUNT:420 IHITRATE: 71.2 DHITRATE: 51.6
/u/s/i/sinclair/courses/cs552/spring2019/handouts/testprograms/public/rand_final/t_129_all.asm SUCCESS CPI:5.1 CYCLES:2109 ICOUNT:416 IHITRATE: 73.3 DHITRATE: 68.8
/u/s/i/sinclair/courses/cs552/spring2019/handouts/testprograms/public/rand_final/t_12_mem.asm SUCCESS CPI:4.8 CYCLES:3150 ICOUNT:650 IHITRATE: 77.1 DHITRATE: 94.9
/u/s/i/sinclair/courses/cs552/spring2019/handouts/testprograms/public/rand_final/t_130_all.asm SUCCESS CPI:4.2 CYCLES:2588 ICOUNT:610 IHITRATE: 73.2 DHITRATE: 69.1
/u/s/i/sinclair/courses/cs552/spring2019/handouts/testprograms/public/rand_final/t_131_all.asm SUCCESS CPI:4.7 CYCLES:2483 ICOUNT:532 IHITRATE: 72.0 DHITRATE: 81.5
/u/s/i/sinclair/courses/cs552/spring2019/handouts/testprograms/public/rand_final/t_132_all.asm SUCCESS CPI:4.6 CYCLES:2142 ICOUNT:464 IHITRATE: 71.8 DHITRATE: 63.9
/u/s/i/sinclair/courses/cs552/spring2019/handouts/testprograms/public/rand_final/t_133_all.asm SUCCESS CPI:4.6 CYCLES:2025 ICOUNT:437 IHITRATE: 73.7 DHITRATE: 56.4
/u/s/i/sinclair/courses/cs552/spring2019/handouts/testprograms/public/rand_final/t_134_all.asm SUCCESS CPI:4.5 CYCLES:2132 ICOUNT:469 IHITRATE: 73.3 DHITRATE: 68.2
/u/s/i/sinclair/courses/cs552/spring2019/handouts/testprograms/public/rand_final/t_135_all.asm SUCCESS CPI:4.4 CYCLES:2587 ICOUNT:592 IHITRATE: 73.6 DHITRATE: 63.5
/u/s/i/sinclair/courses/cs552/spring2019/handouts/testprograms/public/rand_final/t_136_all.asm SUCCESS CPI:5.1 CYCLES:2052 ICOUNT:406 IHITRATE: 71.4 DHITRATE: 69.2
/u/s/i/sinclair/courses/cs552/spring2019/handouts/testprograms/public/rand_final/t_137_all.asm SUCCESS CPI:4.4 CYCLES:2354 ICOUNT:531 IHITRATE: 72.4 DHITRATE: 63.2
/u/s/i/sinclair/courses/cs552/spring2019/handouts/testprograms/public/rand_final/t_138_all.asm SUCCESS CPI:4.4 CYCLES:2664 ICOUNT:605 IHITRATE: 73.4 DHITRATE: 73.7
/u/s/i/sinclair/courses/cs552/spring2019/handouts/testprograms/public/rand_final/t_139_all.asm SUCCESS CPI:5.3 CYCLES:1911 ICOUNT:361 IHITRATE: 71.2 DHITRATE: 47.8
/u/s/i/sinclair/courses/cs552/spring2019/handouts/testprograms/public/rand_final/t_13_mem.asm SUCCESS CPI:4.7 CYCLES:3193 ICOUNT:677 IHITRATE: 77.7 DHITRATE: 94.5
/u/s/i/sinclair/courses/cs552/spring2019/handouts/testprograms/public/rand_final/t_140_all.asm SUCCESS CPI:4.7 CYCLES:1858 ICOUNT:396 IHITRATE: 72.0 DHITRATE: 64.5
/u/s/i/sinclair/courses/cs552/spring2019/handouts/testprograms/public/rand_final/t_141_all.asm SUCCESS CPI:4.3 CYCLES:2074 ICOUNT:479 IHITRATE: 73.3 DHITRATE: 84.4
/u/s/i/sinclair/courses/cs552/spring2019/handouts/testprograms/public/rand_final/t_142_all.asm SUCCESS CPI:4.7 CYCLES:1830 ICOUNT:388 IHITRATE: 72.3 DHITRATE: 70.0
/u/s/i/sinclair/courses/cs552/spring2019/handouts/testprograms/public/rand_final/t_143_all.asm SUCCESS CPI:4.2 CYCLES:2132 ICOUNT:503 IHITRATE: 73.7 DHITRATE: 67.6
/u/s/i/sinclair/courses/cs552/spring2019/handouts/testprograms/public/rand_final/t_144_all.asm SUCCESS CPI:5.1 CYCLES:2159 ICOUNT:421 IHITRATE: 71.5 DHITRATE: 63.3
/u/s/i/sinclair/courses/cs552/spring2019/handouts/testprograms/public/rand_final/t_145_all.asm SUCCESS CPI:4.7 CYCLES:2003 ICOUNT:430 IHITRATE: 72.8 DHITRATE: 61.1
/u/s/i/sinclair/courses/cs552/spring2019/handouts/testprograms/public/rand_final/t_146_all.asm SUCCESS CPI:4.4 CYCLES:2652 ICOUNT:597 IHITRATE: 73.8 DHITRATE: 73.7
/u/s/i/sinclair/courses/cs552/spring2019/handouts/testprograms/public/rand_final/t_147_all.asm SUCCESS CPI:4.6 CYCLES:2028 ICOUNT:438 IHITRATE: 70.8 DHITRATE: 73.3
/u/s/i/sinclair/courses/cs552/spring2019/handouts/testprograms/public/rand_final/t_148_all.asm SUCCESS CPI:4.9 CYCLES:2154 ICOUNT:443 IHITRATE: 73.2 DHITRATE: 68.3
/u/s/i/sinclair/courses/cs552/spring2019/handouts/testprograms/public/rand_final/t_149_all.asm SUCCESS CPI:4.6 CYCLES:2041 ICOUNT:443 IHITRATE: 72.4 DHITRATE: 67.9
/u/s/i/sinclair/courses/cs552/spring2019/handouts/testprograms/public/rand_final/t_14_mem.asm SUCCESS CPI:4.9 CYCLES:3183 ICOUNT:646 IHITRATE: 77.8 DHITRATE: 92.8
/u/s/i/sinclair/courses/cs552/spring2019/handouts/testprograms/public/rand_final/t_150_all.asm SUCCESS CPI:4.8 CYCLES:2345 ICOUNT:489 IHITRATE: 73.4 DHITRATE: 73.1
/u/s/i/sinclair/courses/cs552/spring2019/handouts/testprograms/public/rand_final/t_15_mem.asm SUCCESS CPI:4.8 CYCLES:3186 ICOUNT:669 IHITRATE: 77.6 DHITRATE: 94.0
/u/s/i/sinclair/courses/cs552/spring2019/handouts/testprograms/public/rand_final/t_16_mem.asm SUCCESS CPI:4.8 CYCLES:3118 ICOUNT:655 IHITRATE: 77.5 DHITRATE: 94.9
/u/s/i/sinclair/courses/cs552/spring2019/handouts/testprograms/public/rand_final/t_17_mem.asm SUCCESS CPI:4.7 CYCLES:3204 ICOUNT:685 IHITRATE: 77.7 DHITRATE: 93.8
/u/s/i/sinclair/courses/cs552/spring2019/handouts/testprograms/public/rand_final/t_18_mem.asm SUCCESS CPI:4.7 CYCLES:3176 ICOUNT:670 IHITRATE: 77.7 DHITRATE: 92.6
/u/s/i/sinclair/courses/cs552/spring2019/handouts/testprograms/public/rand_final/t_19_mem.asm SUCCESS CPI:4.7 CYCLES:3151 ICOUNT:670 IHITRATE: 77.2 DHITRATE: 93.1
