#! /usr/local/Cellar/icarus-verilog/10.2_1/bin/vvp
:ivl_version "10.2 (stable)" "(v10_2)";
:ivl_delay_selection "TYPICAL";
:vpi_time_precision + 0;
:vpi_module "system";
:vpi_module "vhdl_sys";
:vpi_module "v2005_math";
:vpi_module "va_math";
S_0x7f9316406280 .scope module, "sign_extend_11b" "sign_extend_11b" 2 1;
 .timescale 0 0;
    .port_info 0 /INPUT 11 "in"
    .port_info 1 /OUTPUT 16 "out"
o0x106dd80c8 .functor BUFZ 11, C4<zzzzzzzzzzz>; HiZ drive
L_0x7f931640f6c0 .functor BUFZ 11, o0x106dd80c8, C4<00000000000>, C4<00000000000>, C4<00000000000>;
v0x7f9316403760_0 .net *"_s12", 4 0, L_0x7f931640fa70;  1 drivers
v0x7f931640f2f0_0 .net *"_s3", 10 0, L_0x7f931640f6c0;  1 drivers
v0x7f931640f390_0 .net *"_s8", 0 0, L_0x7f931640f870;  1 drivers
v0x7f931640f440_0 .net *"_s9", 10 0, L_0x7f931640f970;  1 drivers
v0x7f931640f4f0_0 .net "in", 10 0, o0x106dd80c8;  0 drivers
v0x7f931640f5e0_0 .net "out", 15 0, L_0x7f931640f750;  1 drivers
L_0x7f931640f750 .concat8 [ 11 5 0 0], L_0x7f931640f6c0, L_0x7f931640fa70;
L_0x7f931640f870 .part o0x106dd80c8, 10, 1;
LS_0x7f931640f970_0_0 .concat [ 1 1 1 1], L_0x7f931640f870, L_0x7f931640f870, L_0x7f931640f870, L_0x7f931640f870;
LS_0x7f931640f970_0_4 .concat [ 1 1 1 1], L_0x7f931640f870, L_0x7f931640f870, L_0x7f931640f870, L_0x7f931640f870;
LS_0x7f931640f970_0_8 .concat [ 1 1 1 0], L_0x7f931640f870, L_0x7f931640f870, L_0x7f931640f870;
L_0x7f931640f970 .concat [ 4 4 3 0], LS_0x7f931640f970_0_0, LS_0x7f931640f970_0_4, LS_0x7f931640f970_0_8;
L_0x7f931640fa70 .part L_0x7f931640f970, 0, 5;
# The file index is used to find the file name in the following table.
:file_names 3;
    "N/A";
    "<interactive>";
    "sign_extend_11b.v";
