SIMLOG:: Cycle           4 PC: 0000zzzz I: 0000zzzz R: x   x 0000xxxx M: 0 0 00000000 00000000
SIMLOG:: Cycle           5 PC: 0000zzzz I: 0000zzzz R: 0   0 00000000 M: 0 0 00000000 00000000
SIMLOG:: Cycle           6 PC: 0000zzzz I: 0000zzzz R: 0   0 00000000 M: 0 0 00000000 00000000
SIMLOG:: Cycle           7 PC: 0000zzzz I: 0000zzzz R: 0   0 00000000 M: 0 0 00000000 00000000
SIMLOG:: Cycle           8 PC: 0000zzzz I: 0000zzzz R: 0   7 00000000 M: 0 0 00000000 00000000
SIMLOG:: Cycle           9 PC: 0000zzzz I: 0000zzzz R: 0   7 00000000 M: 0 0 00000000 00000000
SIMLOG:: Cycle          10 PC: 0000zzzz I: 0000zzzz R: 0   7 00000000 M: 0 0 00000000 00000000
SIMLOG:: Cycle          11 PC: 0000zzzz I: 0000zzzz R: 0   7 00000000 M: 0 0 00000000 00000000
SIMLOG:: Cycle          12 PC: 0000zzzz I: 0000zzzz R: 0   7 00000000 M: 0 0 00000000 00000000
SIMLOG:: Cycle          13 PC: 0000zzzz I: 0000zzzz R: 0   7 00000000 M: 0 0 00000000 00000000
SIMLOG:: Cycle          14 PC: 0000zzzz I: 0000zzzz R: 0   7 00000000 M: 0 0 00000000 00000000
SIMLOG:: Cycle          15 PC: 0000zzzz I: 0000zzzz R: 0   7 00000000 M: 0 0 00000018 00000000
SIMLOG:: Cycle          16 PC: 0000zzzz I: 0000zzzz R: 1   1 00000018 M: 0 0 0000001f 00000000
SIMLOG:: Cycle          17 PC: 0000zzzz I: 0000zzzz R: 1   2 0000001f M: 0 0 00000000 00000000
SIMLOG:: Cycle          18 PC: 0000zzzz I: 0000zzzz R: 0   7 00000000 M: 0 0 00000000 00000000
SIMLOG:: Processor halted

SIMLOG:: sim_cycles          18

SIMLOG:: inst_count           3

SIMLOG:: dcachehit_count           0

SIMLOG:: icachehit_count           3

SIMLOG:: dcachereq_count           0

SIMLOG:: icachereq_count           4

